[08:49:16] [main/INFO]: Writing debug log file accesstransform.log
[08:49:16] [main/INFO]: Access Transformer processor running version 8.2.0
[08:49:16] [main/INFO]: Command line arguments [--inJar, C:\Users\Administrator\Desktop\JAVA自学程序\SmarterContraptionStorage\build\fg_cache\net\minecraftforge\forge\1.19.2-43.3.0\forge-1.19.2-43.3.0-injected.jar, --outJar, C:\Users\Administrator\Desktop\JAVA自学程序\SmarterContraptionStorage\build\fg_cache\net\minecraftforge\forge\1.19.2-43.3.0_mapped_parchment_2022.08.14-1.19.2\forge-1.19.2-43.3.0_mapped_parchment_2022.08.14-1.19.2.jar, --logFile, accesstransform.log, --atFile, C:\Users\Administrator\Desktop\JAVA自学程序\SmarterContraptionStorage\src\main\resources\META-INF\accesstransformer_at.cfg, --atFile, C:\Users\Administrator\Desktop\JAVA自学程序\SmarterContraptionStorage\build\_atJar_7\parent_at.cfg]
[08:49:16] [main/INFO]: Reading from C:\Users\Administrator\Desktop\JAVA自学程序\SmarterContraptionStorage\build\fg_cache\net\minecraftforge\forge\1.19.2-43.3.0\forge-1.19.2-43.3.0-injected.jar
[08:49:16] [main/INFO]: Writing to C:\Users\Administrator\Desktop\JAVA自学程序\SmarterContraptionStorage\build\fg_cache\net\minecraftforge\forge\1.19.2-43.3.0_mapped_parchment_2022.08.14-1.19.2\forge-1.19.2-43.3.0_mapped_parchment_2022.08.14-1.19.2.jar
[08:49:16] [main/INFO]: Transformer file C:\Users\Administrator\Desktop\JAVA自学程序\SmarterContraptionStorage\src\main\resources\META-INF\accesstransformer_at.cfg
[08:49:16] [main/INFO]: Transformer file C:\Users\Administrator\Desktop\JAVA自学程序\SmarterContraptionStorage\build\_atJar_7\parent_at.cfg
[08:49:16] [main/WARN]: Found existing output jar C:\Users\Administrator\Desktop\JAVA自学程序\SmarterContraptionStorage\build\fg_cache\net\minecraftforge\forge\1.19.2-43.3.0_mapped_parchment_2022.08.14-1.19.2\forge-1.19.2-43.3.0_mapped_parchment_2022.08.14-1.19.2.jar, overwriting
[08:49:16] [main/DEBUG]: Loading access transformer accesstransformer_at.cfg from path C:\Users\Administrator\Desktop\JAVA自学程序\SmarterContraptionStorage\src\main\resources\META-INF\accesstransformer_at.cfg
[08:49:16] [main/ERROR]: Invalid access transformer line in accesstransformer_at.cfg: public com.simibubi.create.content.contraptions.Contraption getStorageForSpawnPacket() Lcom/simibubi/create.content/contraptions/MountedStorageManager;
[08:54:30] [main/INFO]: Writing debug log file accesstransform.log
[08:54:30] [main/INFO]: Access Transformer processor running version 8.2.0
[08:54:30] [main/INFO]: Command line arguments [--inJar, C:\Users\Administrator\Desktop\JAVA自学程序\SmarterContraptionStorage\build\fg_cache\net\minecraftforge\forge\1.19.2-43.3.0\forge-1.19.2-43.3.0-injected.jar, --outJar, C:\Users\Administrator\Desktop\JAVA自学程序\SmarterContraptionStorage\build\fg_cache\net\minecraftforge\forge\1.19.2-43.3.0_mapped_parchment_2022.08.14-1.19.2\forge-1.19.2-43.3.0_mapped_parchment_2022.08.14-1.19.2.jar, --logFile, accesstransform.log, --atFile, C:\Users\Administrator\Desktop\JAVA自学程序\SmarterContraptionStorage\src\main\resources\META-INF\accesstransformer_at.cfg, --atFile, C:\Users\Administrator\Desktop\JAVA自学程序\SmarterContraptionStorage\build\_atJar_7\parent_at.cfg]
[08:54:30] [main/INFO]: Reading from C:\Users\Administrator\Desktop\JAVA自学程序\SmarterContraptionStorage\build\fg_cache\net\minecraftforge\forge\1.19.2-43.3.0\forge-1.19.2-43.3.0-injected.jar
[08:54:30] [main/INFO]: Writing to C:\Users\Administrator\Desktop\JAVA自学程序\SmarterContraptionStorage\build\fg_cache\net\minecraftforge\forge\1.19.2-43.3.0_mapped_parchment_2022.08.14-1.19.2\forge-1.19.2-43.3.0_mapped_parchment_2022.08.14-1.19.2.jar
[08:54:30] [main/INFO]: Transformer file C:\Users\Administrator\Desktop\JAVA自学程序\SmarterContraptionStorage\src\main\resources\META-INF\accesstransformer_at.cfg
[08:54:30] [main/INFO]: Transformer file C:\Users\Administrator\Desktop\JAVA自学程序\SmarterContraptionStorage\build\_atJar_7\parent_at.cfg
[08:54:30] [main/WARN]: Found existing output jar C:\Users\Administrator\Desktop\JAVA自学程序\SmarterContraptionStorage\build\fg_cache\net\minecraftforge\forge\1.19.2-43.3.0_mapped_parchment_2022.08.14-1.19.2\forge-1.19.2-43.3.0_mapped_parchment_2022.08.14-1.19.2.jar, overwriting
[08:54:30] [main/DEBUG]: Loading access transformer accesstransformer_at.cfg from path C:\Users\Administrator\Desktop\JAVA自学程序\SmarterContraptionStorage\src\main\resources\META-INF\accesstransformer_at.cfg
[08:54:30] [main/ERROR]: Invalid access transformer line in accesstransformer_at.cfg: public com.simibubi.create.content.contraptions.Contraption getStorageForSpawnPacket(V) Lcom/simibubi/create.content/contraptions/MountedStorageManager;
[08:55:17] [main/INFO]: Writing debug log file accesstransform.log
[08:55:17] [main/INFO]: Access Transformer processor running version 8.2.0
[08:55:17] [main/INFO]: Command line arguments [--inJar, C:\Users\Administrator\Desktop\JAVA自学程序\SmarterContraptionStorage\build\fg_cache\net\minecraftforge\forge\1.19.2-43.3.0\forge-1.19.2-43.3.0-injected.jar, --outJar, C:\Users\Administrator\Desktop\JAVA自学程序\SmarterContraptionStorage\build\fg_cache\net\minecraftforge\forge\1.19.2-43.3.0_mapped_parchment_2022.08.14-1.19.2\forge-1.19.2-43.3.0_mapped_parchment_2022.08.14-1.19.2.jar, --logFile, accesstransform.log, --atFile, C:\Users\Administrator\Desktop\JAVA自学程序\SmarterContraptionStorage\src\main\resources\META-INF\accesstransformer_at.cfg, --atFile, C:\Users\Administrator\Desktop\JAVA自学程序\SmarterContraptionStorage\build\_atJar_7\parent_at.cfg]
[08:55:17] [main/INFO]: Reading from C:\Users\Administrator\Desktop\JAVA自学程序\SmarterContraptionStorage\build\fg_cache\net\minecraftforge\forge\1.19.2-43.3.0\forge-1.19.2-43.3.0-injected.jar
[08:55:17] [main/INFO]: Writing to C:\Users\Administrator\Desktop\JAVA自学程序\SmarterContraptionStorage\build\fg_cache\net\minecraftforge\forge\1.19.2-43.3.0_mapped_parchment_2022.08.14-1.19.2\forge-1.19.2-43.3.0_mapped_parchment_2022.08.14-1.19.2.jar
[08:55:17] [main/INFO]: Transformer file C:\Users\Administrator\Desktop\JAVA自学程序\SmarterContraptionStorage\src\main\resources\META-INF\accesstransformer_at.cfg
[08:55:17] [main/INFO]: Transformer file C:\Users\Administrator\Desktop\JAVA自学程序\SmarterContraptionStorage\build\_atJar_7\parent_at.cfg
[08:55:17] [main/WARN]: Found existing output jar C:\Users\Administrator\Desktop\JAVA自学程序\SmarterContraptionStorage\build\fg_cache\net\minecraftforge\forge\1.19.2-43.3.0_mapped_parchment_2022.08.14-1.19.2\forge-1.19.2-43.3.0_mapped_parchment_2022.08.14-1.19.2.jar, overwriting
[08:55:17] [main/DEBUG]: Loading access transformer accesstransformer_at.cfg from path C:\Users\Administrator\Desktop\JAVA自学程序\SmarterContraptionStorage\src\main\resources\META-INF\accesstransformer_at.cfg
[08:55:17] [main/ERROR]: Invalid access transformer line in accesstransformer_at.cfg: public com.simibubi.create.content.contraptions.Contraption getStorageForSpawnPacket() Lcom/simibubi/create.content/contraptions/MountedStorageManager;
[08:56:47] [main/INFO]: Writing debug log file accesstransform.log
[08:56:47] [main/INFO]: Access Transformer processor running version 8.2.0
[08:56:47] [main/INFO]: Command line arguments [--inJar, C:\Users\Administrator\Desktop\JAVA自学程序\SmarterContraptionStorage\build\fg_cache\net\minecraftforge\forge\1.19.2-43.3.0\forge-1.19.2-43.3.0-injected.jar, --outJar, C:\Users\Administrator\Desktop\JAVA自学程序\SmarterContraptionStorage\build\fg_cache\net\minecraftforge\forge\1.19.2-43.3.0_mapped_parchment_2022.08.14-1.19.2\forge-1.19.2-43.3.0_mapped_parchment_2022.08.14-1.19.2.jar, --logFile, accesstransform.log, --atFile, C:\Users\Administrator\Desktop\JAVA自学程序\SmarterContraptionStorage\src\main\resources\META-INF\accesstransformer_at.cfg, --atFile, C:\Users\Administrator\Desktop\JAVA自学程序\SmarterContraptionStorage\build\_atJar_7\parent_at.cfg]
[08:56:47] [main/INFO]: Reading from C:\Users\Administrator\Desktop\JAVA自学程序\SmarterContraptionStorage\build\fg_cache\net\minecraftforge\forge\1.19.2-43.3.0\forge-1.19.2-43.3.0-injected.jar
[08:56:47] [main/INFO]: Writing to C:\Users\Administrator\Desktop\JAVA自学程序\SmarterContraptionStorage\build\fg_cache\net\minecraftforge\forge\1.19.2-43.3.0_mapped_parchment_2022.08.14-1.19.2\forge-1.19.2-43.3.0_mapped_parchment_2022.08.14-1.19.2.jar
[08:56:47] [main/INFO]: Transformer file C:\Users\Administrator\Desktop\JAVA自学程序\SmarterContraptionStorage\src\main\resources\META-INF\accesstransformer_at.cfg
[08:56:47] [main/INFO]: Transformer file C:\Users\Administrator\Desktop\JAVA自学程序\SmarterContraptionStorage\build\_atJar_7\parent_at.cfg
[08:56:47] [main/WARN]: Found existing output jar C:\Users\Administrator\Desktop\JAVA自学程序\SmarterContraptionStorage\build\fg_cache\net\minecraftforge\forge\1.19.2-43.3.0_mapped_parchment_2022.08.14-1.19.2\forge-1.19.2-43.3.0_mapped_parchment_2022.08.14-1.19.2.jar, overwriting
[08:56:47] [main/DEBUG]: Loading access transformer accesstransformer_at.cfg from path C:\Users\Administrator\Desktop\JAVA自学程序\SmarterContraptionStorage\src\main\resources\META-INF\accesstransformer_at.cfg
[08:56:47] [main/ERROR]: Invalid access transformer line in accesstransformer_at.cfg: public com.simibubi.create.content.contraptions.Contraption getStorageForSpawnPacket() Lcom/simibubi/create.content/contraptions/MountedStorageManager;
